{"C:\\Users\\Sapana.vyavahare\\OneDrive - Happiest Minds Technologies Pvt Ltd\\Documents\\node_Learnings\\TrainingManagment\\src\\app.js": {"path":"C:\\Users\\Sapana.vyavahare\\OneDrive - Happiest Minds Technologies Pvt Ltd\\Documents\\node_Learnings\\TrainingManagment\\src\\app.js","statementMap":{"0":{"start":{"line":1,"column":16},"end":{"line":1,"column":34}},"1":{"start":{"line":2,"column":19},"end":{"line":2,"column":41}},"2":{"start":{"line":3,"column":13},"end":{"line":3,"column":28}},"3":{"start":{"line":5,"column":21},"end":{"line":5,"column":47}},"4":{"start":{"line":7,"column":12},"end":{"line":7,"column":21}},"5":{"start":{"line":9,"column":33},"end":{"line":18,"column":1}},"6":{"start":{"line":10,"column":2},"end":{"line":17,"column":7}},"7":{"start":{"line":12,"column":6},"end":{"line":12,"column":62}},"8":{"start":{"line":15,"column":6},"end":{"line":15,"column":54}},"9":{"start":{"line":16,"column":6},"end":{"line":16,"column":22}},"10":{"start":{"line":20,"column":0},"end":{"line":43,"column":2}},"11":{"start":{"line":21,"column":2},"end":{"line":21,"column":29}},"12":{"start":{"line":24,"column":2},"end":{"line":27,"column":5}},"13":{"start":{"line":25,"column":4},"end":{"line":25,"column":48}},"14":{"start":{"line":26,"column":4},"end":{"line":26,"column":11}},"15":{"start":{"line":29,"column":2},"end":{"line":34,"column":4}},"16":{"start":{"line":36,"column":2},"end":{"line":36,"column":53}},"17":{"start":{"line":37,"column":2},"end":{"line":37,"column":45}},"18":{"start":{"line":39,"column":2},"end":{"line":39,"column":49}},"19":{"start":{"line":40,"column":2},"end":{"line":40,"column":69}},"20":{"start":{"line":40,"column":29},"end":{"line":40,"column":67}},"21":{"start":{"line":42,"column":2},"end":{"line":42,"column":13}}},"fnMap":{"0":{"name":"(anonymous_0)","decl":{"start":{"line":9,"column":33},"end":{"line":9,"column":34}},"loc":{"start":{"line":9,"column":39},"end":{"line":18,"column":1}},"line":9},"1":{"name":"(anonymous_1)","decl":{"start":{"line":11,"column":30},"end":{"line":11,"column":31}},"loc":{"start":{"line":11,"column":45},"end":{"line":13,"column":5}},"line":11},"2":{"name":"(anonymous_2)","decl":{"start":{"line":14,"column":29},"end":{"line":14,"column":30}},"loc":{"start":{"line":14,"column":38},"end":{"line":17,"column":5}},"line":14},"3":{"name":"(anonymous_3)","decl":{"start":{"line":20,"column":17},"end":{"line":20,"column":18}},"loc":{"start":{"line":20,"column":23},"end":{"line":43,"column":1}},"line":20},"4":{"name":"(anonymous_4)","decl":{"start":{"line":24,"column":18},"end":{"line":24,"column":19}},"loc":{"start":{"line":24,"column":38},"end":{"line":27,"column":3}},"line":24},"5":{"name":"(anonymous_5)","decl":{"start":{"line":40,"column":15},"end":{"line":40,"column":16}},"loc":{"start":{"line":40,"column":29},"end":{"line":40,"column":67}},"line":40}},"branchMap":{},"s":{"0":1,"1":1,"2":1,"3":1,"4":1,"5":1,"6":1,"7":0,"8":0,"9":0,"10":1,"11":1,"12":1,"13":0,"14":0,"15":1,"16":1,"17":1,"18":1,"19":1,"20":0,"21":1},"f":{"0":1,"1":0,"2":0,"3":1,"4":0,"5":0},"b":{},"_coverageSchema":"1a1c01bbd47fc00a2c39e90264f33305004495a9","hash":"dc9e458019d32c4fd9ff35af31ebf20f347a8208"}
,"C:\\Users\\Sapana.vyavahare\\OneDrive - Happiest Minds Technologies Pvt Ltd\\Documents\\node_Learnings\\TrainingManagment\\src\\config\\config.js": {"path":"C:\\Users\\Sapana.vyavahare\\OneDrive - Happiest Minds Technologies Pvt Ltd\\Documents\\node_Learnings\\TrainingManagment\\src\\config\\config.js","statementMap":{"0":{"start":{"line":1,"column":15},"end":{"line":1,"column":170}},"1":{"start":{"line":2,"column":0},"end":{"line":24,"column":3}}},"fnMap":{},"branchMap":{},"s":{"0":1,"1":1},"f":{},"b":{},"_coverageSchema":"1a1c01bbd47fc00a2c39e90264f33305004495a9","hash":"0fdf9e6224b07a898cc7fff609049da4b9c1c4c0"}
,"C:\\Users\\Sapana.vyavahare\\OneDrive - Happiest Minds Technologies Pvt Ltd\\Documents\\node_Learnings\\TrainingManagment\\src\\constants\\api.js": {"path":"C:\\Users\\Sapana.vyavahare\\OneDrive - Happiest Minds Technologies Pvt Ltd\\Documents\\node_Learnings\\TrainingManagment\\src\\constants\\api.js","statementMap":{"0":{"start":{"line":1,"column":0},"end":{"line":4,"column":4}}},"fnMap":{},"branchMap":{},"s":{"0":1},"f":{},"b":{},"_coverageSchema":"1a1c01bbd47fc00a2c39e90264f33305004495a9","hash":"44485d8ed02362b4eccfc0f6883461ac600d3ed7"}
,"C:\\Users\\Sapana.vyavahare\\OneDrive - Happiest Minds Technologies Pvt Ltd\\Documents\\node_Learnings\\TrainingManagment\\src\\controllers\\index.js": {"path":"C:\\Users\\Sapana.vyavahare\\OneDrive - Happiest Minds Technologies Pvt Ltd\\Documents\\node_Learnings\\TrainingManagment\\src\\controllers\\index.js","statementMap":{"0":{"start":{"line":1,"column":0},"end":{"line":3,"column":2}}},"fnMap":{},"branchMap":{},"s":{"0":1},"f":{},"b":{},"_coverageSchema":"1a1c01bbd47fc00a2c39e90264f33305004495a9","hash":"793b25bfa22a5ab1b07ec2726b6e97a199d17220"}
,"C:\\Users\\Sapana.vyavahare\\OneDrive - Happiest Minds Technologies Pvt Ltd\\Documents\\node_Learnings\\TrainingManagment\\src\\controllers\\trainerConn.js": {"path":"C:\\Users\\Sapana.vyavahare\\OneDrive - Happiest Minds Technologies Pvt Ltd\\Documents\\node_Learnings\\TrainingManagment\\src\\controllers\\trainerConn.js","statementMap":{"0":{"start":{"line":1,"column":41},"end":{"line":1,"column":59}},"1":{"start":{"line":3,"column":15},"end":{"line":3,"column":53}},"2":{"start":{"line":4,"column":27},"end":{"line":4,"column":49}},"3":{"start":{"line":5,"column":26},"end":{"line":5,"column":57}},"4":{"start":{"line":6,"column":23},"end":{"line":6,"column":43}},"5":{"start":{"line":7,"column":22},"end":{"line":7,"column":41}},"6":{"start":{"line":12,"column":8},"end":{"line":24,"column":9}},"7":{"start":{"line":13,"column":12},"end":{"line":13,"column":35}},"8":{"start":{"line":15,"column":27},"end":{"line":15,"column":60}},"9":{"start":{"line":16,"column":12},"end":{"line":16,"column":47}},"10":{"start":{"line":18,"column":12},"end":{"line":18,"column":59}},"11":{"start":{"line":19,"column":12},"end":{"line":23,"column":15}},"12":{"start":{"line":30,"column":8},"end":{"line":36,"column":9}},"13":{"start":{"line":31,"column":12},"end":{"line":31,"column":54}},"14":{"start":{"line":32,"column":27},"end":{"line":32,"column":77}},"15":{"start":{"line":33,"column":12},"end":{"line":33,"column":47}},"16":{"start":{"line":35,"column":12},"end":{"line":35,"column":44}},"17":{"start":{"line":40,"column":28},"end":{"line":40,"column":36}},"18":{"start":{"line":41,"column":8},"end":{"line":72,"column":9}},"19":{"start":{"line":42,"column":40},"end":{"line":45,"column":13}},"20":{"start":{"line":46,"column":12},"end":{"line":53,"column":13}},"21":{"start":{"line":47,"column":16},"end":{"line":52,"column":19}},"22":{"start":{"line":54,"column":29},"end":{"line":54,"column":61}},"23":{"start":{"line":55,"column":29},"end":{"line":55,"column":53}},"24":{"start":{"line":56,"column":24},"end":{"line":56,"column":67}},"25":{"start":{"line":57,"column":12},"end":{"line":57,"column":37}},"26":{"start":{"line":58,"column":24},"end":{"line":58,"column":55}},"27":{"start":{"line":59,"column":25},"end":{"line":59,"column":50}},"28":{"start":{"line":60,"column":27},"end":{"line":63,"column":13}},"29":{"start":{"line":64,"column":12},"end":{"line":64,"column":47}},"30":{"start":{"line":66,"column":12},"end":{"line":66,"column":62}},"31":{"start":{"line":67,"column":12},"end":{"line":71,"column":15}},"32":{"start":{"line":77,"column":8},"end":{"line":88,"column":9}},"33":{"start":{"line":78,"column":12},"end":{"line":78,"column":54}},"34":{"start":{"line":79,"column":27},"end":{"line":79,"column":76}},"35":{"start":{"line":80,"column":12},"end":{"line":80,"column":47}},"36":{"start":{"line":82,"column":12},"end":{"line":82,"column":62}},"37":{"start":{"line":83,"column":12},"end":{"line":87,"column":15}},"38":{"start":{"line":93,"column":8},"end":{"line":104,"column":9}},"39":{"start":{"line":94,"column":12},"end":{"line":94,"column":54}},"40":{"start":{"line":95,"column":27},"end":{"line":95,"column":66}},"41":{"start":{"line":96,"column":12},"end":{"line":96,"column":47}},"42":{"start":{"line":98,"column":12},"end":{"line":98,"column":62}},"43":{"start":{"line":99,"column":12},"end":{"line":103,"column":15}},"44":{"start":{"line":108,"column":0},"end":{"line":108,"column":35}}},"fnMap":{"0":{"name":"(anonymous_0)","decl":{"start":{"line":11,"column":4},"end":{"line":11,"column":5}},"loc":{"start":{"line":11,"column":32},"end":{"line":25,"column":5}},"line":11},"1":{"name":"(anonymous_1)","decl":{"start":{"line":29,"column":4},"end":{"line":29,"column":5}},"loc":{"start":{"line":29,"column":36},"end":{"line":37,"column":5}},"line":29},"2":{"name":"(anonymous_2)","decl":{"start":{"line":39,"column":4},"end":{"line":39,"column":5}},"loc":{"start":{"line":39,"column":27},"end":{"line":73,"column":5}},"line":39},"3":{"name":"(anonymous_3)","decl":{"start":{"line":76,"column":4},"end":{"line":76,"column":5}},"loc":{"start":{"line":76,"column":34},"end":{"line":89,"column":5}},"line":76},"4":{"name":"(anonymous_4)","decl":{"start":{"line":92,"column":4},"end":{"line":92,"column":5}},"loc":{"start":{"line":92,"column":34},"end":{"line":105,"column":5}},"line":92}},"branchMap":{"0":{"loc":{"start":{"line":46,"column":12},"end":{"line":53,"column":13}},"type":"if","locations":[{"start":{"line":46,"column":12},"end":{"line":53,"column":13}},{"start":{"line":46,"column":12},"end":{"line":53,"column":13}}],"line":46}},"s":{"0":1,"1":1,"2":1,"3":1,"4":1,"5":1,"6":0,"7":0,"8":0,"9":0,"10":0,"11":0,"12":0,"13":0,"14":0,"15":0,"16":0,"17":0,"18":0,"19":0,"20":0,"21":0,"22":0,"23":0,"24":0,"25":0,"26":0,"27":0,"28":0,"29":0,"30":0,"31":0,"32":0,"33":0,"34":0,"35":0,"36":0,"37":0,"38":0,"39":0,"40":0,"41":0,"42":0,"43":0,"44":1},"f":{"0":0,"1":0,"2":0,"3":0,"4":0},"b":{"0":[0,0]},"_coverageSchema":"1a1c01bbd47fc00a2c39e90264f33305004495a9","hash":"be3846d2679f4057e2ead1aed1a26c0e7ea3cb4c"}
,"C:\\Users\\Sapana.vyavahare\\OneDrive - Happiest Minds Technologies Pvt Ltd\\Documents\\node_Learnings\\TrainingManagment\\src\\middlewares\\trainerImage.js": {"path":"C:\\Users\\Sapana.vyavahare\\OneDrive - Happiest Minds Technologies Pvt Ltd\\Documents\\node_Learnings\\TrainingManagment\\src\\middlewares\\trainerImage.js","statementMap":{"0":{"start":{"line":1,"column":12},"end":{"line":1,"column":30}},"1":{"start":{"line":2,"column":10},"end":{"line":2,"column":23}},"2":{"start":{"line":3,"column":11},"end":{"line":3,"column":47}},"3":{"start":{"line":4,"column":18},"end":{"line":4,"column":50}},"4":{"start":{"line":5,"column":11},"end":{"line":5,"column":24}},"5":{"start":{"line":9,"column":4},"end":{"line":24,"column":5}},"6":{"start":{"line":11,"column":24},"end":{"line":11,"column":53}},"7":{"start":{"line":12,"column":17},"end":{"line":12,"column":72}},"8":{"start":{"line":13,"column":4},"end":{"line":23,"column":7}},"9":{"start":{"line":16,"column":10},"end":{"line":16,"column":33}},"10":{"start":{"line":17,"column":10},"end":{"line":21,"column":11}},"11":{"start":{"line":17,"column":18},"end":{"line":17,"column":27}},"12":{"start":{"line":19,"column":14},"end":{"line":19,"column":57}},"13":{"start":{"line":20,"column":14},"end":{"line":20,"column":24}},"14":{"start":{"line":29,"column":4},"end":{"line":34,"column":6}},"15":{"start":{"line":30,"column":8},"end":{"line":30,"column":43}},"16":{"start":{"line":31,"column":21},"end":{"line":31,"column":52}},"17":{"start":{"line":32,"column":18},"end":{"line":32,"column":53}},"18":{"start":{"line":33,"column":8},"end":{"line":33,"column":17}},"19":{"start":{"line":40,"column":0},"end":{"line":40,"column":42}}},"fnMap":{"0":{"name":"uploadFile","decl":{"start":{"line":8,"column":15},"end":{"line":8,"column":25}},"loc":{"start":{"line":8,"column":49},"end":{"line":25,"column":1}},"line":8},"1":{"name":"(anonymous_1)","decl":{"start":{"line":9,"column":23},"end":{"line":9,"column":24}},"loc":{"start":{"line":9,"column":34},"end":{"line":24,"column":3}},"line":9},"2":{"name":"(anonymous_2)","decl":{"start":{"line":15,"column":8},"end":{"line":15,"column":9}},"loc":{"start":{"line":15,"column":28},"end":{"line":23,"column":5}},"line":15},"3":{"name":"getS3URL","decl":{"start":{"line":28,"column":15},"end":{"line":28,"column":23}},"loc":{"start":{"line":28,"column":33},"end":{"line":37,"column":1}},"line":28},"4":{"name":"(anonymous_4)","decl":{"start":{"line":29,"column":23},"end":{"line":29,"column":24}},"loc":{"start":{"line":29,"column":34},"end":{"line":34,"column":5}},"line":29}},"branchMap":{"0":{"loc":{"start":{"line":17,"column":10},"end":{"line":21,"column":11}},"type":"if","locations":[{"start":{"line":17,"column":10},"end":{"line":21,"column":11}},{"start":{"line":17,"column":10},"end":{"line":21,"column":11}}],"line":17}},"s":{"0":1,"1":1,"2":1,"3":1,"4":1,"5":0,"6":0,"7":0,"8":0,"9":0,"10":0,"11":0,"12":0,"13":0,"14":0,"15":0,"16":0,"17":0,"18":0,"19":1},"f":{"0":0,"1":0,"2":0,"3":0,"4":0},"b":{"0":[0,0]},"_coverageSchema":"1a1c01bbd47fc00a2c39e90264f33305004495a9","hash":"c2f98135d9fa1fe45341bd80ed3a98a479fe2b7f"}
,"C:\\Users\\Sapana.vyavahare\\OneDrive - Happiest Minds Technologies Pvt Ltd\\Documents\\node_Learnings\\TrainingManagment\\src\\models\\dummy.js": {"path":"C:\\Users\\Sapana.vyavahare\\OneDrive - Happiest Minds Technologies Pvt Ltd\\Documents\\node_Learnings\\TrainingManagment\\src\\models\\dummy.js","statementMap":{"0":{"start":{"line":4,"column":4},"end":{"line":4,"column":24}},"1":{"start":{"line":5,"column":0},"end":{"line":25,"column":2}},"2":{"start":{"line":16,"column":2},"end":{"line":23,"column":5}},"3":{"start":{"line":24,"column":2},"end":{"line":24,"column":15}}},"fnMap":{"0":{"name":"(anonymous_0)","decl":{"start":{"line":5,"column":17},"end":{"line":5,"column":18}},"loc":{"start":{"line":5,"column":43},"end":{"line":25,"column":1}},"line":5},"1":{"name":"(anonymous_1)","decl":{"start":{"line":12,"column":4},"end":{"line":12,"column":5}},"loc":{"start":{"line":12,"column":29},"end":{"line":14,"column":5}},"line":12}},"branchMap":{},"s":{"0":1,"1":1,"2":1,"3":1},"f":{"0":1,"1":1},"b":{},"_coverageSchema":"1a1c01bbd47fc00a2c39e90264f33305004495a9","hash":"1e4c8de8ca62f7e2e8241ba4369c38d3f422b451"}
,"C:\\Users\\Sapana.vyavahare\\OneDrive - Happiest Minds Technologies Pvt Ltd\\Documents\\node_Learnings\\TrainingManagment\\src\\models\\index.js": {"path":"C:\\Users\\Sapana.vyavahare\\OneDrive - Happiest Minds Technologies Pvt Ltd\\Documents\\node_Learnings\\TrainingManagment\\src\\models\\index.js","statementMap":{"0":{"start":{"line":3,"column":11},"end":{"line":3,"column":24}},"1":{"start":{"line":4,"column":13},"end":{"line":4,"column":28}},"2":{"start":{"line":5,"column":18},"end":{"line":5,"column":38}},"3":{"start":{"line":6,"column":17},"end":{"line":6,"column":42}},"4":{"start":{"line":7,"column":12},"end":{"line":7,"column":49}},"5":{"start":{"line":8,"column":15},"end":{"line":8,"column":63}},"6":{"start":{"line":9,"column":11},"end":{"line":9,"column":13}},"7":{"start":{"line":12,"column":0},"end":{"line":16,"column":1}},"8":{"start":{"line":13,"column":2},"end":{"line":13,"column":74}},"9":{"start":{"line":15,"column":2},"end":{"line":15,"column":87}},"10":{"start":{"line":18,"column":0},"end":{"line":26,"column":5}},"11":{"start":{"line":21,"column":4},"end":{"line":21,"column":90}},"12":{"start":{"line":24,"column":18},"end":{"line":24,"column":85}},"13":{"start":{"line":25,"column":4},"end":{"line":25,"column":27}},"14":{"start":{"line":28,"column":0},"end":{"line":32,"column":3}},"15":{"start":{"line":29,"column":2},"end":{"line":31,"column":3}},"16":{"start":{"line":30,"column":4},"end":{"line":30,"column":32}},"17":{"start":{"line":34,"column":0},"end":{"line":34,"column":25}},"18":{"start":{"line":35,"column":0},"end":{"line":35,"column":25}},"19":{"start":{"line":37,"column":0},"end":{"line":37,"column":20}}},"fnMap":{"0":{"name":"(anonymous_0)","decl":{"start":{"line":20,"column":10},"end":{"line":20,"column":11}},"loc":{"start":{"line":20,"column":18},"end":{"line":22,"column":3}},"line":20},"1":{"name":"(anonymous_1)","decl":{"start":{"line":23,"column":11},"end":{"line":23,"column":12}},"loc":{"start":{"line":23,"column":19},"end":{"line":26,"column":3}},"line":23},"2":{"name":"(anonymous_2)","decl":{"start":{"line":28,"column":24},"end":{"line":28,"column":25}},"loc":{"start":{"line":28,"column":37},"end":{"line":32,"column":1}},"line":28}},"branchMap":{"0":{"loc":{"start":{"line":7,"column":12},"end":{"line":7,"column":49}},"type":"binary-expr","locations":[{"start":{"line":7,"column":12},"end":{"line":7,"column":32}},{"start":{"line":7,"column":36},"end":{"line":7,"column":49}}],"line":7},"1":{"loc":{"start":{"line":12,"column":0},"end":{"line":16,"column":1}},"type":"if","locations":[{"start":{"line":12,"column":0},"end":{"line":16,"column":1}},{"start":{"line":12,"column":0},"end":{"line":16,"column":1}}],"line":12},"2":{"loc":{"start":{"line":21,"column":11},"end":{"line":21,"column":89}},"type":"binary-expr","locations":[{"start":{"line":21,"column":12},"end":{"line":21,"column":35}},{"start":{"line":21,"column":41},"end":{"line":21,"column":58}},{"start":{"line":21,"column":64},"end":{"line":21,"column":88}}],"line":21},"3":{"loc":{"start":{"line":29,"column":2},"end":{"line":31,"column":3}},"type":"if","locations":[{"start":{"line":29,"column":2},"end":{"line":31,"column":3}},{"start":{"line":29,"column":2},"end":{"line":31,"column":3}}],"line":29}},"s":{"0":1,"1":1,"2":1,"3":1,"4":1,"5":1,"6":1,"7":1,"8":0,"9":1,"10":1,"11":5,"12":3,"13":3,"14":1,"15":3,"16":3,"17":1,"18":1,"19":1},"f":{"0":5,"1":3,"2":3},"b":{"0":[1,0],"1":[0,1],"2":[5,5,4],"3":[3,0]},"_coverageSchema":"1a1c01bbd47fc00a2c39e90264f33305004495a9","hash":"733a48642bcb48304c111ad4d7dda652da54ec33"}
,"C:\\Users\\Sapana.vyavahare\\OneDrive - Happiest Minds Technologies Pvt Ltd\\Documents\\node_Learnings\\TrainingManagment\\src\\models\\tbl_topics.js": {"path":"C:\\Users\\Sapana.vyavahare\\OneDrive - Happiest Minds Technologies Pvt Ltd\\Documents\\node_Learnings\\TrainingManagment\\src\\models\\tbl_topics.js","statementMap":{"0":{"start":{"line":4,"column":4},"end":{"line":4,"column":24}},"1":{"start":{"line":5,"column":0},"end":{"line":24,"column":2}},"2":{"start":{"line":16,"column":2},"end":{"line":22,"column":5}},"3":{"start":{"line":23,"column":2},"end":{"line":23,"column":20}}},"fnMap":{"0":{"name":"(anonymous_0)","decl":{"start":{"line":5,"column":17},"end":{"line":5,"column":18}},"loc":{"start":{"line":5,"column":43},"end":{"line":24,"column":1}},"line":5},"1":{"name":"(anonymous_1)","decl":{"start":{"line":12,"column":4},"end":{"line":12,"column":5}},"loc":{"start":{"line":12,"column":29},"end":{"line":14,"column":5}},"line":12}},"branchMap":{},"s":{"0":1,"1":1,"2":1,"3":1},"f":{"0":1,"1":1},"b":{},"_coverageSchema":"1a1c01bbd47fc00a2c39e90264f33305004495a9","hash":"405f43f5fa8ebdb86c4539baff71ec6e8844b87b"}
,"C:\\Users\\Sapana.vyavahare\\OneDrive - Happiest Minds Technologies Pvt Ltd\\Documents\\node_Learnings\\TrainingManagment\\src\\models\\tbl_trainers.js": {"path":"C:\\Users\\Sapana.vyavahare\\OneDrive - Happiest Minds Technologies Pvt Ltd\\Documents\\node_Learnings\\TrainingManagment\\src\\models\\tbl_trainers.js","statementMap":{"0":{"start":{"line":2,"column":18},"end":{"line":2,"column":38}},"1":{"start":{"line":3,"column":0},"end":{"line":29,"column":2}},"2":{"start":{"line":14,"column":4},"end":{"line":27,"column":6}},"3":{"start":{"line":28,"column":4},"end":{"line":28,"column":24}}},"fnMap":{"0":{"name":"(anonymous_0)","decl":{"start":{"line":3,"column":17},"end":{"line":3,"column":18}},"loc":{"start":{"line":3,"column":43},"end":{"line":29,"column":1}},"line":3},"1":{"name":"(anonymous_1)","decl":{"start":{"line":10,"column":8},"end":{"line":10,"column":9}},"loc":{"start":{"line":10,"column":33},"end":{"line":12,"column":9}},"line":10}},"branchMap":{},"s":{"0":1,"1":1,"2":1,"3":1},"f":{"0":1,"1":1},"b":{},"_coverageSchema":"1a1c01bbd47fc00a2c39e90264f33305004495a9","hash":"adaad3e70525721c32e7cfaf308eb74222dd3b82"}
,"C:\\Users\\Sapana.vyavahare\\OneDrive - Happiest Minds Technologies Pvt Ltd\\Documents\\node_Learnings\\TrainingManagment\\src\\routes\\index.js": {"path":"C:\\Users\\Sapana.vyavahare\\OneDrive - Happiest Minds Technologies Pvt Ltd\\Documents\\node_Learnings\\TrainingManagment\\src\\routes\\index.js","statementMap":{"0":{"start":{"line":1,"column":16},"end":{"line":1,"column":34}},"1":{"start":{"line":2,"column":21},"end":{"line":2,"column":48}},"2":{"start":{"line":4,"column":15},"end":{"line":4,"column":31}},"3":{"start":{"line":6,"column":0},"end":{"line":6,"column":63}},"4":{"start":{"line":8,"column":0},"end":{"line":8,"column":24}}},"fnMap":{},"branchMap":{},"s":{"0":1,"1":1,"2":1,"3":1,"4":1},"f":{},"b":{},"_coverageSchema":"1a1c01bbd47fc00a2c39e90264f33305004495a9","hash":"3e06e1552322ed6061aa4429d29f505b3c79c47b"}
,"C:\\Users\\Sapana.vyavahare\\OneDrive - Happiest Minds Technologies Pvt Ltd\\Documents\\node_Learnings\\TrainingManagment\\src\\routes\\trainer-routes.js": {"path":"C:\\Users\\Sapana.vyavahare\\OneDrive - Happiest Minds Technologies Pvt Ltd\\Documents\\node_Learnings\\TrainingManagment\\src\\routes\\trainer-routes.js","statementMap":{"0":{"start":{"line":1,"column":16},"end":{"line":1,"column":34}},"1":{"start":{"line":2,"column":15},"end":{"line":2,"column":31}},"2":{"start":{"line":3,"column":15},"end":{"line":3,"column":32}},"3":{"start":{"line":4,"column":11},"end":{"line":4,"column":24}},"4":{"start":{"line":6,"column":30},"end":{"line":6,"column":55}},"5":{"start":{"line":7,"column":26},"end":{"line":7,"column":49}},"6":{"start":{"line":9,"column":14},"end":{"line":21,"column":2}},"7":{"start":{"line":11,"column":18},"end":{"line":11,"column":29}},"8":{"start":{"line":12,"column":8},"end":{"line":14,"column":9}},"9":{"start":{"line":13,"column":12},"end":{"line":13,"column":30}},"10":{"start":{"line":15,"column":8},"end":{"line":15,"column":28}},"11":{"start":{"line":18,"column":8},"end":{"line":18,"column":51}},"12":{"start":{"line":19,"column":8},"end":{"line":19,"column":42}},"13":{"start":{"line":22,"column":13},"end":{"line":22,"column":41}},"14":{"start":{"line":23,"column":0},"end":{"line":23,"column":46}},"15":{"start":{"line":24,"column":0},"end":{"line":24,"column":54}},"16":{"start":{"line":25,"column":0},"end":{"line":25,"column":65}},"17":{"start":{"line":26,"column":0},"end":{"line":26,"column":52}},"18":{"start":{"line":27,"column":0},"end":{"line":27,"column":55}},"19":{"start":{"line":29,"column":0},"end":{"line":29,"column":24}}},"fnMap":{"0":{"name":"(anonymous_0)","decl":{"start":{"line":10,"column":17},"end":{"line":10,"column":18}},"loc":{"start":{"line":10,"column":48},"end":{"line":16,"column":5}},"line":10},"1":{"name":"(anonymous_1)","decl":{"start":{"line":17,"column":14},"end":{"line":17,"column":15}},"loc":{"start":{"line":17,"column":45},"end":{"line":20,"column":5}},"line":17}},"branchMap":{"0":{"loc":{"start":{"line":12,"column":8},"end":{"line":14,"column":9}},"type":"if","locations":[{"start":{"line":12,"column":8},"end":{"line":14,"column":9}},{"start":{"line":12,"column":8},"end":{"line":14,"column":9}}],"line":12}},"s":{"0":1,"1":1,"2":1,"3":1,"4":1,"5":1,"6":1,"7":0,"8":0,"9":0,"10":0,"11":0,"12":0,"13":1,"14":1,"15":1,"16":1,"17":1,"18":1,"19":1},"f":{"0":0,"1":0},"b":{"0":[0,0]},"_coverageSchema":"1a1c01bbd47fc00a2c39e90264f33305004495a9","hash":"0278ca00fce9cab55eea760fa7e89c2f1fe532b0"}
,"C:\\Users\\Sapana.vyavahare\\OneDrive - Happiest Minds Technologies Pvt Ltd\\Documents\\node_Learnings\\TrainingManagment\\src\\services\\index.js": {"path":"C:\\Users\\Sapana.vyavahare\\OneDrive - Happiest Minds Technologies Pvt Ltd\\Documents\\node_Learnings\\TrainingManagment\\src\\services\\index.js","statementMap":{"0":{"start":{"line":1,"column":0},"end":{"line":3,"column":2}}},"fnMap":{},"branchMap":{},"s":{"0":1},"f":{},"b":{},"_coverageSchema":"1a1c01bbd47fc00a2c39e90264f33305004495a9","hash":"d1b08dd994573e61f26bb5bf8c2dfb5bbef26b59"}
,"C:\\Users\\Sapana.vyavahare\\OneDrive - Happiest Minds Technologies Pvt Ltd\\Documents\\node_Learnings\\TrainingManagment\\src\\services\\trainerService.js": {"path":"C:\\Users\\Sapana.vyavahare\\OneDrive - Happiest Minds Technologies Pvt Ltd\\Documents\\node_Learnings\\TrainingManagment\\src\\services\\trainerService.js","statementMap":{"0":{"start":{"line":1,"column":26},"end":{"line":1,"column":44}},"1":{"start":{"line":3,"column":11},"end":{"line":3,"column":31}},"2":{"start":{"line":4,"column":16},"end":{"line":4,"column":31}},"3":{"start":{"line":8,"column":23},"end":{"line":8,"column":46}},"4":{"start":{"line":9,"column":8},"end":{"line":9,"column":49}},"5":{"start":{"line":14,"column":23},"end":{"line":14,"column":49}},"6":{"start":{"line":15,"column":8},"end":{"line":15,"column":49}},"7":{"start":{"line":21,"column":28},"end":{"line":29,"column":9}},"8":{"start":{"line":30,"column":23},"end":{"line":30,"column":56}},"9":{"start":{"line":31,"column":8},"end":{"line":31,"column":50}},"10":{"start":{"line":35,"column":20},"end":{"line":55,"column":5}},"11":{"start":{"line":36,"column":8},"end":{"line":54,"column":11}},"12":{"start":{"line":37,"column":12},"end":{"line":53,"column":19}},"13":{"start":{"line":47,"column":20},"end":{"line":47,"column":52}},"14":{"start":{"line":48,"column":20},"end":{"line":48,"column":33}},"15":{"start":{"line":51,"column":20},"end":{"line":51,"column":37}},"16":{"start":{"line":52,"column":20},"end":{"line":52,"column":29}},"17":{"start":{"line":59,"column":23},"end":{"line":67,"column":9}},"18":{"start":{"line":68,"column":8},"end":{"line":68,"column":49}},"19":{"start":{"line":72,"column":0},"end":{"line":72,"column":32}}},"fnMap":{"0":{"name":"(anonymous_0)","decl":{"start":{"line":7,"column":4},"end":{"line":7,"column":5}},"loc":{"start":{"line":7,"column":23},"end":{"line":10,"column":5}},"line":7},"1":{"name":"(anonymous_1)","decl":{"start":{"line":13,"column":4},"end":{"line":13,"column":5}},"loc":{"start":{"line":13,"column":29},"end":{"line":16,"column":5}},"line":13},"2":{"name":"(anonymous_2)","decl":{"start":{"line":19,"column":4},"end":{"line":19,"column":5}},"loc":{"start":{"line":19,"column":35},"end":{"line":32,"column":5}},"line":19},"3":{"name":"(anonymous_3)","decl":{"start":{"line":35,"column":20},"end":{"line":35,"column":21}},"loc":{"start":{"line":35,"column":29},"end":{"line":55,"column":5}},"line":35},"4":{"name":"(anonymous_4)","decl":{"start":{"line":36,"column":27},"end":{"line":36,"column":28}},"loc":{"start":{"line":36,"column":47},"end":{"line":54,"column":9}},"line":36},"5":{"name":"(anonymous_5)","decl":{"start":{"line":46,"column":22},"end":{"line":46,"column":23}},"loc":{"start":{"line":46,"column":35},"end":{"line":49,"column":17}},"line":46},"6":{"name":"(anonymous_6)","decl":{"start":{"line":50,"column":23},"end":{"line":50,"column":24}},"loc":{"start":{"line":50,"column":32},"end":{"line":53,"column":17}},"line":50},"7":{"name":"(anonymous_7)","decl":{"start":{"line":58,"column":4},"end":{"line":58,"column":5}},"loc":{"start":{"line":58,"column":28},"end":{"line":69,"column":5}},"line":58}},"branchMap":{},"s":{"0":1,"1":1,"2":1,"3":0,"4":0,"5":0,"6":0,"7":0,"8":0,"9":0,"10":1,"11":0,"12":0,"13":0,"14":0,"15":0,"16":0,"17":0,"18":0,"19":1},"f":{"0":0,"1":0,"2":0,"3":0,"4":0,"5":0,"6":0,"7":0},"b":{},"_coverageSchema":"1a1c01bbd47fc00a2c39e90264f33305004495a9","hash":"094d0f03412babcbd1385b570b4f1289d0525436"}
,"C:\\Users\\Sapana.vyavahare\\OneDrive - Happiest Minds Technologies Pvt Ltd\\Documents\\node_Learnings\\TrainingManagment\\src\\validation-schema\\BaseSchema.js": {"path":"C:\\Users\\Sapana.vyavahare\\OneDrive - Happiest Minds Technologies Pvt Ltd\\Documents\\node_Learnings\\TrainingManagment\\src\\validation-schema\\BaseSchema.js","statementMap":{"0":{"start":{"line":1,"column":10},"end":{"line":1,"column":27}},"1":{"start":{"line":2,"column":10},"end":{"line":2,"column":30}},"2":{"start":{"line":12,"column":20},"end":{"line":15,"column":6}},"3":{"start":{"line":16,"column":4},"end":{"line":29,"column":5}},"4":{"start":{"line":17,"column":21},"end":{"line":17,"column":23}},"5":{"start":{"line":18,"column":6},"end":{"line":24,"column":9}},"6":{"start":{"line":19,"column":8},"end":{"line":23,"column":11}},"7":{"start":{"line":25,"column":6},"end":{"line":28,"column":8}},"8":{"start":{"line":30,"column":4},"end":{"line":33,"column":6}},"9":{"start":{"line":37,"column":0},"end":{"line":37,"column":28}}},"fnMap":{"0":{"name":"(anonymous_0)","decl":{"start":{"line":11,"column":2},"end":{"line":11,"column":3}},"loc":{"start":{"line":11,"column":37},"end":{"line":34,"column":3}},"line":11},"1":{"name":"(anonymous_1)","decl":{"start":{"line":18,"column":31},"end":{"line":18,"column":32}},"loc":{"start":{"line":18,"column":40},"end":{"line":24,"column":7}},"line":18}},"branchMap":{"0":{"loc":{"start":{"line":11,"column":11},"end":{"line":11,"column":22}},"type":"default-arg","locations":[{"start":{"line":11,"column":20},"end":{"line":11,"column":22}}],"line":11},"1":{"loc":{"start":{"line":11,"column":24},"end":{"line":11,"column":35}},"type":"default-arg","locations":[{"start":{"line":11,"column":33},"end":{"line":11,"column":35}}],"line":11},"2":{"loc":{"start":{"line":16,"column":4},"end":{"line":29,"column":5}},"type":"if","locations":[{"start":{"line":16,"column":4},"end":{"line":29,"column":5}},{"start":{"line":16,"column":4},"end":{"line":29,"column":5}}],"line":16}},"s":{"0":1,"1":1,"2":0,"3":0,"4":0,"5":0,"6":0,"7":0,"8":0,"9":1},"f":{"0":0,"1":0},"b":{"0":[0],"1":[0],"2":[0,0]},"_coverageSchema":"1a1c01bbd47fc00a2c39e90264f33305004495a9","hash":"dda50b965597a607b083737b4edeb82895778203"}
,"C:\\Users\\Sapana.vyavahare\\OneDrive - Happiest Minds Technologies Pvt Ltd\\Documents\\node_Learnings\\TrainingManagment\\src\\validation-schema\\TrainerSchema.js": {"path":"C:\\Users\\Sapana.vyavahare\\OneDrive - Happiest Minds Technologies Pvt Ltd\\Documents\\node_Learnings\\TrainingManagment\\src\\validation-schema\\TrainerSchema.js","statementMap":{"0":{"start":{"line":1,"column":19},"end":{"line":1,"column":42}},"1":{"start":{"line":2,"column":12},"end":{"line":2,"column":32}},"2":{"start":{"line":11,"column":8},"end":{"line":11,"column":42}},"3":{"start":{"line":15,"column":8},"end":{"line":20,"column":11}},"4":{"start":{"line":24,"column":0},"end":{"line":24,"column":31}}},"fnMap":{"0":{"name":"(anonymous_0)","decl":{"start":{"line":10,"column":4},"end":{"line":10,"column":5}},"loc":{"start":{"line":10,"column":29},"end":{"line":12,"column":5}},"line":10},"1":{"name":"(anonymous_1)","decl":{"start":{"line":14,"column":4},"end":{"line":14,"column":5}},"loc":{"start":{"line":14,"column":19},"end":{"line":21,"column":5}},"line":14}},"branchMap":{},"s":{"0":1,"1":1,"2":0,"3":0,"4":1},"f":{"0":0,"1":0},"b":{},"_coverageSchema":"1a1c01bbd47fc00a2c39e90264f33305004495a9","hash":"8858621cca76b43c61f0c6df3dff662ecb8699ba"}
,"C:\\Users\\Sapana.vyavahare\\OneDrive - Happiest Minds Technologies Pvt Ltd\\Documents\\node_Learnings\\TrainingManagment\\src\\validation-schema\\index.js": {"path":"C:\\Users\\Sapana.vyavahare\\OneDrive - Happiest Minds Technologies Pvt Ltd\\Documents\\node_Learnings\\TrainingManagment\\src\\validation-schema\\index.js","statementMap":{"0":{"start":{"line":1,"column":0},"end":{"line":3,"column":2}}},"fnMap":{},"branchMap":{},"s":{"0":1},"f":{},"b":{},"_coverageSchema":"1a1c01bbd47fc00a2c39e90264f33305004495a9","hash":"ad40b7bd43898cb869a59479e90c632368fd9151"}
}
