TN:
SF:src\app.js
FN:9,(anonymous_0)
FN:11,(anonymous_1)
FN:14,(anonymous_2)
FN:20,(anonymous_3)
FN:24,(anonymous_4)
FN:40,(anonymous_5)
FNF:6
FNH:3
FNDA:1,(anonymous_0)
FNDA:0,(anonymous_1)
FNDA:0,(anonymous_2)
FNDA:1,(anonymous_3)
FNDA:6,(anonymous_4)
FNDA:0,(anonymous_5)
DA:1,1
DA:2,1
DA:3,1
DA:5,1
DA:7,1
DA:9,1
DA:10,1
DA:12,0
DA:15,0
DA:16,0
DA:20,1
DA:21,1
DA:24,1
DA:25,6
DA:26,6
DA:29,1
DA:36,1
DA:37,1
DA:39,1
DA:40,1
DA:42,1
LF:21
LH:18
BRF:0
BRH:0
end_of_record
TN:
SF:src\config\config.js
FNF:0
FNH:0
DA:1,1
DA:5,1
LF:2
LH:2
BRF:0
BRH:0
end_of_record
TN:
SF:src\constants\api.js
FNF:0
FNH:0
DA:1,1
LF:1
LH:1
BRF:0
BRH:0
end_of_record
TN:
SF:src\controllers\index.js
FNF:0
FNH:0
DA:1,1
LF:1
LH:1
BRF:0
BRH:0
end_of_record
TN:
SF:src\controllers\trainerConn.js
FN:11,(anonymous_0)
FN:29,(anonymous_1)
FN:39,(anonymous_2)
FN:76,(anonymous_3)
FN:92,(anonymous_4)
FNF:5
FNH:5
FNDA:1,(anonymous_0)
FNDA:2,(anonymous_1)
FNDA:1,(anonymous_2)
FNDA:1,(anonymous_3)
FNDA:1,(anonymous_4)
DA:1,1
DA:3,1
DA:4,1
DA:5,1
DA:6,1
DA:7,1
DA:12,1
DA:13,1
DA:15,1
DA:16,1
DA:18,0
DA:19,0
DA:30,2
DA:31,2
DA:32,2
DA:33,2
DA:35,0
DA:40,1
DA:41,1
DA:42,1
DA:46,1
DA:47,0
DA:54,1
DA:55,1
DA:56,1
DA:57,1
DA:58,1
DA:59,1
DA:60,1
DA:64,1
DA:66,0
DA:67,0
DA:77,1
DA:78,1
DA:79,1
DA:80,1
DA:82,0
DA:83,0
DA:93,1
DA:94,1
DA:95,1
DA:96,1
DA:97,1
DA:98,1
DA:99,1
DA:100,1
DA:101,1
DA:102,1
DA:107,1
DA:109,0
DA:110,0
DA:136,1
LF:52
LH:42
BRDA:46,0,0,0
BRDA:46,0,1,1
BRF:2
BRH:1
end_of_record
TN:
SF:src\middlewares\trainerImage.js
FN:8,uploadFile
FN:9,(anonymous_1)
FN:15,(anonymous_2)
FN:28,getS3URL
FN:29,(anonymous_4)
FNF:5
FNH:5
FNDA:2,uploadFile
FNDA:2,(anonymous_1)
FNDA:2,(anonymous_2)
FNDA:2,getS3URL
FNDA:2,(anonymous_4)
DA:1,1
DA:2,1
DA:3,1
DA:4,1
DA:5,1
DA:9,2
DA:11,2
DA:12,2
DA:13,2
DA:16,2
DA:17,2
DA:19,2
DA:20,2
DA:29,2
DA:30,2
DA:31,2
DA:32,2
DA:33,2
DA:40,1
LF:19
LH:19
BRDA:17,0,0,0
BRDA:17,0,1,2
BRF:2
BRH:1
end_of_record
TN:
SF:src\models\index.js
FN:20,(anonymous_0)
FN:23,(anonymous_1)
FN:28,(anonymous_2)
FNF:3
FNH:3
FNDA:4,(anonymous_0)
FNDA:2,(anonymous_1)
FNDA:2,(anonymous_2)
DA:3,1
DA:4,1
DA:5,1
DA:6,1
DA:7,1
DA:8,1
DA:9,1
DA:12,1
DA:13,0
DA:15,1
DA:18,1
DA:21,4
DA:24,2
DA:25,2
DA:28,1
DA:29,2
DA:30,2
DA:34,1
DA:35,1
DA:37,1
LF:20
LH:19
BRDA:7,0,0,1
BRDA:7,0,1,0
BRDA:12,1,0,0
BRDA:12,1,1,1
BRDA:21,2,0,4
BRDA:21,2,1,4
BRDA:21,2,2,3
BRDA:29,3,0,2
BRDA:29,3,1,0
BRF:9
BRH:6
end_of_record
TN:
SF:src\models\tbl_topics.js
FN:5,(anonymous_0)
FN:12,(anonymous_1)
FNF:2
FNH:2
FNDA:1,(anonymous_0)
FNDA:1,(anonymous_1)
DA:4,1
DA:5,1
DA:16,1
DA:23,1
LF:4
LH:4
BRF:0
BRH:0
end_of_record
TN:
SF:src\models\tbl_trainers.js
FN:3,(anonymous_0)
FN:10,(anonymous_1)
FNF:2
FNH:2
FNDA:1,(anonymous_0)
FNDA:1,(anonymous_1)
DA:2,1
DA:3,1
DA:14,1
DA:28,1
LF:4
LH:4
BRF:0
BRH:0
end_of_record
TN:
SF:src\routes\index.js
FNF:0
FNH:0
DA:1,1
DA:2,1
DA:4,1
DA:6,1
DA:8,1
LF:5
LH:5
BRF:0
BRH:0
end_of_record
TN:
SF:src\routes\trainer-routes.js
FN:13,(anonymous_0)
FN:20,(anonymous_1)
FNF:2
FNH:2
FNDA:2,(anonymous_0)
FNDA:2,(anonymous_1)
DA:1,1
DA:2,1
DA:3,1
DA:4,1
DA:6,1
DA:7,1
DA:9,1
DA:10,1
DA:12,1
DA:14,2
DA:15,2
DA:16,0
DA:18,2
DA:21,2
DA:22,2
DA:25,1
DA:26,1
DA:27,1
DA:28,1
DA:29,1
DA:30,1
DA:32,1
LF:22
LH:21
BRDA:15,0,0,0
BRDA:15,0,1,2
BRF:2
BRH:1
end_of_record
TN:
SF:src\services\index.js
FNF:0
FNH:0
DA:1,1
LF:1
LH:1
BRF:0
BRH:0
end_of_record
TN:
SF:src\services\trainerService.js
FN:7,(anonymous_0)
FN:13,(anonymous_1)
FN:19,(anonymous_2)
FN:35,(anonymous_3)
FN:57,(anonymous_4)
FNF:5
FNH:5
FNDA:1,(anonymous_0)
FNDA:2,(anonymous_1)
FNDA:1,(anonymous_2)
FNDA:1,(anonymous_3)
FNDA:1,(anonymous_4)
DA:1,1
DA:3,1
DA:4,1
DA:8,1
DA:9,1
DA:14,2
DA:15,2
DA:21,1
DA:30,1
DA:31,1
DA:36,1
DA:53,1
DA:58,1
DA:67,1
DA:71,1
LF:15
LH:15
BRF:0
BRH:0
end_of_record
TN:
SF:src\validation-schema\BaseSchema.js
FN:11,(anonymous_0)
FN:18,(anonymous_1)
FNF:2
FNH:1
FNDA:1,(anonymous_0)
FNDA:0,(anonymous_1)
DA:1,1
DA:2,1
DA:12,1
DA:16,1
DA:17,0
DA:18,0
DA:19,0
DA:25,0
DA:30,1
DA:37,1
LF:10
LH:6
BRDA:11,0,0,0
BRDA:11,1,0,0
BRDA:16,2,0,0
BRDA:16,2,1,1
BRF:4
BRH:1
end_of_record
TN:
SF:src\validation-schema\TrainerSchema.js
FN:10,(anonymous_0)
FN:14,(anonymous_1)
FNF:2
FNH:2
FNDA:1,(anonymous_0)
FNDA:1,(anonymous_1)
DA:1,1
DA:2,1
DA:11,1
DA:15,1
DA:24,1
LF:5
LH:5
BRF:0
BRH:0
end_of_record
TN:
SF:src\validation-schema\index.js
FNF:0
FNH:0
DA:1,1
LF:1
LH:1
BRF:0
BRH:0
end_of_record
